19-Apr-2024 12:06:52.622 INFO [main] org.apache.catalina.core.ApplicationContext.log Initializing Spring root WebApplicationContext
19-Apr-2024 12:06:54.298 INFO [main] org.apache.catalina.core.ApplicationContext.log ContextListener: contextInitialized()
19-Apr-2024 12:06:54.298 INFO [main] org.apache.catalina.core.ApplicationContext.log SessionListener: contextInitialized()
19-Apr-2024 12:06:54.300 INFO [main] org.apache.catalina.core.ApplicationContext.log ContextListener: attributeAdded('StockTicker', 'async.Stockticker@9930b22')
19-Apr-2024 12:11:25.425 INFO [main] org.apache.catalina.core.ApplicationContext.log Closing Spring root WebApplicationContext
19-Apr-2024 12:11:25.440 INFO [main] org.apache.catalina.core.ApplicationContext.log SessionListener: contextDestroyed()
19-Apr-2024 12:11:25.440 INFO [main] org.apache.catalina.core.ApplicationContext.log ContextListener: contextDestroyed()
19-Apr-2024 12:11:49.632 INFO [main] org.apache.catalina.core.ApplicationContext.log Initializing Spring root WebApplicationContext
19-Apr-2024 12:11:51.058 INFO [main] org.apache.catalina.core.ApplicationContext.log ContextListener: contextInitialized()
19-Apr-2024 12:11:51.058 INFO [main] org.apache.catalina.core.ApplicationContext.log SessionListener: contextInitialized()
19-Apr-2024 12:11:51.060 INFO [main] org.apache.catalina.core.ApplicationContext.log ContextListener: attributeAdded('StockTicker', 'async.Stockticker@4bdeef45')
19-Apr-2024 12:24:35.365 INFO [main] org.apache.catalina.core.ApplicationContext.log Closing Spring root WebApplicationContext
19-Apr-2024 12:24:35.381 INFO [main] org.apache.catalina.core.ApplicationContext.log SessionListener: contextDestroyed()
19-Apr-2024 12:24:35.381 INFO [main] org.apache.catalina.core.ApplicationContext.log ContextListener: contextDestroyed()
19-Apr-2024 12:26:30.869 INFO [main] org.apache.catalina.core.ApplicationContext.log Initializing Spring root WebApplicationContext
19-Apr-2024 12:26:32.133 INFO [main] org.apache.catalina.core.ApplicationContext.log ContextListener: contextInitialized()
19-Apr-2024 12:26:32.133 INFO [main] org.apache.catalina.core.ApplicationContext.log SessionListener: contextInitialized()
19-Apr-2024 12:26:32.133 INFO [main] org.apache.catalina.core.ApplicationContext.log ContextListener: attributeAdded('StockTicker', 'async.Stockticker@421e8dfa')
19-Apr-2024 12:30:04.665 INFO [main] org.apache.catalina.core.ApplicationContext.log Closing Spring root WebApplicationContext
19-Apr-2024 12:30:04.678 INFO [main] org.apache.catalina.core.ApplicationContext.log SessionListener: contextDestroyed()
19-Apr-2024 12:30:04.678 INFO [main] org.apache.catalina.core.ApplicationContext.log ContextListener: contextDestroyed()
19-Apr-2024 12:30:49.677 INFO [main] org.apache.catalina.core.ApplicationContext.log Initializing Spring root WebApplicationContext
19-Apr-2024 12:30:51.307 INFO [main] org.apache.catalina.core.ApplicationContext.log ContextListener: contextInitialized()
19-Apr-2024 12:30:51.307 INFO [main] org.apache.catalina.core.ApplicationContext.log SessionListener: contextInitialized()
19-Apr-2024 12:30:51.309 INFO [main] org.apache.catalina.core.ApplicationContext.log ContextListener: attributeAdded('StockTicker', 'async.Stockticker@3eaea785')
19-Apr-2024 14:33:46.617 INFO [main] org.apache.catalina.core.ApplicationContext.log Closing Spring root WebApplicationContext
19-Apr-2024 14:33:46.633 INFO [main] org.apache.catalina.core.ApplicationContext.log SessionListener: contextDestroyed()
19-Apr-2024 14:33:46.634 INFO [main] org.apache.catalina.core.ApplicationContext.log ContextListener: contextDestroyed()
19-Apr-2024 14:34:16.757 INFO [main] org.apache.catalina.core.ApplicationContext.log Initializing Spring root WebApplicationContext
19-Apr-2024 14:34:18.271 INFO [main] org.apache.catalina.core.ApplicationContext.log ContextListener: contextInitialized()
19-Apr-2024 14:34:18.271 INFO [main] org.apache.catalina.core.ApplicationContext.log SessionListener: contextInitialized()
19-Apr-2024 14:34:18.274 INFO [main] org.apache.catalina.core.ApplicationContext.log ContextListener: attributeAdded('StockTicker', 'async.Stockticker@7079a88b')
19-Apr-2024 14:37:22.748 INFO [main] org.apache.catalina.core.ApplicationContext.log Closing Spring root WebApplicationContext
19-Apr-2024 14:37:22.762 INFO [main] org.apache.catalina.core.ApplicationContext.log SessionListener: contextDestroyed()
19-Apr-2024 14:37:22.762 INFO [main] org.apache.catalina.core.ApplicationContext.log ContextListener: contextDestroyed()
19-Apr-2024 14:38:20.798 INFO [main] org.apache.catalina.core.ApplicationContext.log Initializing Spring root WebApplicationContext
19-Apr-2024 14:38:22.353 INFO [main] org.apache.catalina.core.ApplicationContext.log ContextListener: contextInitialized()
19-Apr-2024 14:38:22.353 INFO [main] org.apache.catalina.core.ApplicationContext.log SessionListener: contextInitialized()
19-Apr-2024 14:38:22.355 INFO [main] org.apache.catalina.core.ApplicationContext.log ContextListener: attributeAdded('StockTicker', 'async.Stockticker@6e451bcb')
